[debug] [2025-12-11T16:28:14.482Z] ----------------------------------------------------------------------
[debug] [2025-12-11T16:28:14.485Z] Command:       D:\GOKULNATH\node.exe D:\npm-global\node_modules\firebase-tools\lib\bin\firebase.js apps:sdkconfig web --project studio-8475348312-9c32d
[debug] [2025-12-11T16:28:14.485Z] CLI Version:   14.25.0
[debug] [2025-12-11T16:28:14.485Z] Platform:      win32
[debug] [2025-12-11T16:28:14.486Z] Node Version:  v22.18.0
[debug] [2025-12-11T16:28:14.486Z] Time:          Thu Dec 11 2025 21:58:14 GMT+0530 (India Standard Time)
[debug] [2025-12-11T16:28:14.486Z] ----------------------------------------------------------------------
[debug] 
[debug] [2025-12-11T16:28:14.489Z] >>> [apiv2][query] GET https://firebase-public.firebaseio.com/cli.json [none]
[debug] [2025-12-11T16:28:14.540Z] > command requires scopes: ["email","openid","https://www.googleapis.com/auth/cloudplatformprojects.readonly","https://www.googleapis.com/auth/firebase","https://www.googleapis.com/auth/cloud-platform"]
[debug] [2025-12-11T16:28:14.541Z] > authorizing via signed-in user (gokul9g0t@gmail.com)
[debug] [2025-12-11T16:28:14.542Z] Checked if tokens are valid: false, expires at: 1763490577982
[debug] [2025-12-11T16:28:14.542Z] Checked if tokens are valid: false, expires at: 1763490577982
[debug] [2025-12-11T16:28:14.542Z] > refreshing access token with scopes: []
[debug] [2025-12-11T16:28:14.543Z] >>> [apiv2][query] POST https://www.googleapis.com/oauth2/v3/token [none]
[debug] [2025-12-11T16:28:14.543Z] >>> [apiv2][body] POST https://www.googleapis.com/oauth2/v3/token [omitted]
[debug] [2025-12-11T16:28:14.862Z] <<< [apiv2][status] POST https://www.googleapis.com/oauth2/v3/token 200
[debug] [2025-12-11T16:28:14.862Z] <<< [apiv2][body] POST https://www.googleapis.com/oauth2/v3/token [omitted]
[debug] [2025-12-11T16:28:14.887Z] >>> [apiv2][query] GET https://firebase.googleapis.com/v1beta1/projects/studio-8475348312-9c32d/webApps pageSize=100
[debug] [2025-12-11T16:28:15.224Z] <<< [apiv2][status] GET https://firebase-public.firebaseio.com/cli.json 200
[debug] [2025-12-11T16:28:15.224Z] <<< [apiv2][body] GET https://firebase-public.firebaseio.com/cli.json {"cloudBuildErrorAfter":1594252800000,"cloudBuildWarnAfter":1590019200000,"defaultNode10After":1594252800000,"minVersion":"3.0.5","node8DeploysDisabledAfter":1613390400000,"node8RuntimeDisabledAfter":1615809600000,"node8WarnAfter":1600128000000}
[debug] [2025-12-11T16:28:15.483Z] <<< [apiv2][status] GET https://firebase.googleapis.com/v1beta1/projects/studio-8475348312-9c32d/webApps 403
[debug] [2025-12-11T16:28:15.483Z] <<< [apiv2][body] GET https://firebase.googleapis.com/v1beta1/projects/studio-8475348312-9c32d/webApps {"error":{"code":403,"message":"The caller does not have permission","status":"PERMISSION_DENIED"}}
[debug] [2025-12-11T16:28:15.484Z] Request to https://firebase.googleapis.com/v1beta1/projects/studio-8475348312-9c32d/webApps?pageSize=100 had HTTP Error: 403, The caller does not have permission
[debug] [2025-12-11T16:28:15.740Z] FirebaseError: Request to https://firebase.googleapis.com/v1beta1/projects/studio-8475348312-9c32d/webApps?pageSize=100 had HTTP Error: 403, The caller does not have permission
    at responseToError (D:\npm-global\node_modules\firebase-tools\lib\responseToError.js:53:12)
    at RetryOperation._fn (D:\npm-global\node_modules\firebase-tools\lib\apiv2.js:322:77)
    at process.processTicksAndRejections (node:internal/process/task_queues:105:5)
[error] 
[error] Error: Failed to list Firebase WEB apps. See firebase-debug.log for more info.
